<testsuites><testsuite name="Rollup logicmoo.pfc.sanity_base.quick_test in /var/lib/jenkins-fresh/workspace/logicmoo_workspace/packs_sys/pfc/t/sanity_base/quick_test" package="logicmoo.pfc.sanity_base.quick_test" tests="0" failures="0" errors="0"  skipped="0">

<!-- Running Matching Tests: /var/lib/jenkins=fresh/workspace/logicmoo_workspace/bin/lmoo=junit=minor =k *f*_01.p*  -->

<!-- FileTestCase=logicmoo.pfc.sanity_base.quick_test.FC_01@Test_9999_Line_9999__Exitcode_7  -->

<!-- CMD=timeout ==foreground ==preserve=status =s SIGKILL =k 10s 10s lmoo=clif fc_01.pfc  -->

<!--  (cd /var/lib/jenkins=fresh/workspace/logicmoo_workspace/packs_sys/pfc/t/sanity_base/quick_test ; timeout ==foreground ==preserve=status =s SIGKILL =k 10s 10s lmoo=clif fc_01.pfc)  -->

<!--  (cd /var/lib/jenkins=fresh/workspace/logicmoo_workspace/packs_sys/pfc/t/sanity_base/quick_test ; timeout ==foreground ==preserve=status =s SIGKILL =k 10s 10s lmoo=clif fc_01.pfc)  -->

<testcase name="logicmoo.pfc.sanity_base.quick_test.FC_01@Test_9999_Line_9999__Exitcode_7" classname='logicmoo.pfc.sanity_base.quick_test.FC_01' time='1'>

 <failure message='FAILED: /var/lib/jenkins-fresh/workspace/logicmoo_workspace/bin/lmoo-junit-minor -k fc_01.pfc (returned 9)'/>

<system-err><![CDATA[%
running('/var/lib/jenkins/workspace/logicmoo_workspace/packs_sys/pfc/t/sanity_base/quick_test/fc_01.pfc'),
%~ this_test_might_need( :-( use_module( library(logicmoo_plarkc))))

%:- use_module(library(pfc)).
%:- use_module(library(pfc_test)).

:- expects_dialect(pfc).

% :- set_prolog_flag(lm_pfc_lean,true).
%:- trace.
%:- break.


% :- set_prolog_flag(lm_pfc_lean,true).
%:- trace.
%:- break.
:- mpred_trace_exec.



a11 ==> b11.

a11.



:- listing(a11).

% :- pp_DB.
%~ skipped( listing(a11))


% :- pp_DB.
:- mpred_why(b11).

/*~
no_proof_for(b11).

no_proof_for(b11).

no_proof_for(b11).

~*/


:- mpred_test(b11).


%~ /var/lib/jenkins/workspace/logicmoo_workspace/packs_sys/pfc/t/sanity_base/quick_test/fc_01.pfc:26 
%~ mpred_test("Test_0001_Line_0000__B11",baseKB:b11)
/*~
%~ mpred_test("Test_0001_Line_0000__B11",baseKB:b11)
passed=info(why_was_true(baseKB:b11))
no_proof_for(b11).

no_proof_for(b11).

no_proof_for(b11).

	name	='logicmoo.pfc.sanity_base.quick_test.FC_01-Test_0001_Line_0000__B11'.
	JUNIT_CLASSNAME	='logicmoo.pfc.sanity_base.quick_test.FC_01'.
	JUNIT_CMD	='timeout --foreground --preserve-status -s SIGKILL -k 10s 10s lmoo-clif fc_01.pfc'.
% saving_junit: /var/lib/jenkins-fresh/workspace/logicmoo_workspace/test_results/jenkins/Report-logicmoo-junit-sanity_base-quick_test-vSTARvfvSTARv_01vDOTvpvSTARv-Units-logicmoo.pfc.sanity_base.quick_test.FC_01-Test_0001_Line_0000__B11-junit.xml
~*/
%~ /var/lib/jenkins/workspace/logicmoo_workspace/packs_sys/pfc/t/sanity_base/quick_test/fc_01.pfc:29 
%~ unused(save_junit_results)
%~ test_completed_exit(9)
:- dynamic junit_prop/3.


:- dynamic junit_prop/3.

junit_prop("suiteTestcase", warning, "Goal (directive) failed: parser_stanford:use_module(library(http/http_cookie))").
junit_prop("suiteTestcase", warning, "Goal (directive) failed: parser_stanford:use_module(library(http/json_convert))").

:- dynamic junit_prop/3.

junit_prop("suiteTestcase", error, "source_sink `/var/lib/jenkins/workspace/logicmoo_workspace_with_jira/lib/swipl/library/pprint' does not exist").
junit_prop("suiteTestcase", error, "Exported procedure utils:print_term/2 is not defined").
junit_prop("suiteTestcase", error, "source_sink `library(http/http_cookie)' does not exist").
junit_prop("suiteTestcase", error, "source_sink `library(http/json_convert)' does not exist").]]></system-err>


</testcase>

<!-- FAILED: /var/lib/jenkins=fresh/workspace/logicmoo_workspace/bin/lmoo=junit=minor =k fc_01.pfc (returned 9)  -->


</testsuite></testsuites>




